ministros 20
d 100
vigário 19
presença 16
opinião 96
divisão 12
dispostos 2
dizêlas 2
concluí 11
oblíqua 4
salões 4
risquemos 1
amada 8
barriga 7
pôncio 1
mandava 6
contraída 1
casarei 1
restabelecer 1
zanguei 1
adolescência 10
durante 45
concluo 9
contigo 4
lugares 20
repente 19
tratava 13
quantia 20
professor 23
pensais 6
devemos 13
lição 30
afirmou 7
ações 43
vê 40
senão 84
nova 146
raro 27
matéria 74
vejo 36
seis 70
francês 26
movimento 28
entusiasmo 21
perguntou 31
tio 58
instantes 29
vim 26
expressão 33
entrada 40
escolha 33
caminho 55
livros 98
universal 42
vezes 181
resto 146
nisto 35
joão 81
peço 33
valor 41
estilo 68
novembro 46
falta 94
cheio 42
ah 45
antes 392
todas 321
cousa 108
nesta 58
lugar 149
sobre 201
grande 472
exemplo 120
então 265
manhã 80
ia 218
ver 266
quanto 114
tempos 122
papel 120
creio 267
ambos 76
próprio 163
filho 135
capÍtulo 148
ano 163
deu 156
bom 152
companhia 123
dia 475
pé 151
olhos 325
tempo 494
havia 178
meio 187
parte 243
todo 172
mesma 272
gente 268
palavra 172
aí 190
lá 252
vai 255
É 336
sr 185
agora 476
tanto 225
alguns 291
pouco 323
homens 323
assim 610
tal 331
sei 293
mãe 266
nada 452
outro 582
dizer 374
dias 443
duas 299
mim 308
verdade 297
bem 451
homem 537
tão 426
todos 526
porque 397
vez 500
vida 353
casa 400
aqui 507
tudo 750
anos 393
outros 495
outra 575
menos 408
ainda 768
pode 604
menos 408
tão 426
dias 443
bem 451
nada 452
grande 472
dia 475
agora 476
tempo 494
outros 495
vez 500
aqui 507
todos 526
homem 537
outra 575
outro 582
pode 604
assim 610
tudo 750
ainda 768
Time taken to execute in seconds : 0.557491
